# JRE version: OpenJDK Runtime Environment (8.0_242-b01) (build 1.8.0_242-release-1644-b01)
# Java VM: OpenJDK 64-Bit Server VM (25.242-b01 mixed mode windows-amd64 compressed oops)
Heap:
 PSYoungGen      total 375296K, used 163013K [0x00000000e0000000, 0x0000000100000000, 0x0000000100000000)
  eden space 263168K, 19% used [0x00000000e0000000,0x00000000e31b2740,0x00000000f0100000)
  from space 112128K, 99% used [0x00000000f9280000,0x00000000ffffed10,0x0000000100000000)
  to   space 130560K, 0% used [0x00000000f0100000,0x00000000f0100000,0x00000000f8080000)
 ParOldGen       total 379392K, used 276923K [0x00000000a0000000, 0x00000000b7280000, 0x00000000e0000000)
  object space 379392K, 72% used [0x00000000a0000000,0x00000000b0e6eda0,0x00000000b7280000)
 Metaspace       used 140312K, capacity 146601K, committed 146712K, reserved 1177600K
  class space    used 17644K, capacity 18922K, committed 18984K, reserved 1048576K
GC Heap History (10 events):
Event: 299.976 GC heap before
{Heap before GC invocations=26 (full 4):
 PSYoungGen      total 414720K, used 414422K [0x00000000e0000000, 0x0000000100000000, 0x0000000100000000)
  eden space 356352K, 100% used [0x00000000e0000000,0x00000000f5c00000,0x00000000f5c00000)
  from space 58368K, 99% used [0x00000000f5c00000,0x00000000f94b5958,0x00000000f9500000)
  to   space 88064K, 0% used [0x00000000faa00000,0x00000000faa00000,0x0000000100000000)
 ParOldGen       total 379392K, used 191404K [0x00000000a0000000, 0x00000000b7280000, 0x00000000e0000000)
  object space 379392K, 50% used [0x00000000a0000000,0x00000000abaeb138,0x00000000b7280000)
 Metaspace       used 135133K, capacity 140991K, committed 141208K, reserved 1171456K
  class space    used 17161K, capacity 18279K, committed 18344K, reserved 1048576K
Event: 300.192 GC heap after
Heap after GC invocations=26 (full 4):
 PSYoungGen      total 368640K, used 88051K [0x00000000e0000000, 0x0000000100000000, 0x0000000100000000)
  eden space 280576K, 0% used [0x00000000e0000000,0x00000000e0000000,0x00000000f1200000)
  from space 88064K, 99% used [0x00000000faa00000,0x00000000ffffccd0,0x0000000100000000)
  to   space 121856K, 0% used [0x00000000f1200000,0x00000000f1200000,0x00000000f8900000)
 ParOldGen       total 379392K, used 246051K [0x00000000a0000000, 0x00000000b7280000, 0x00000000e0000000)
  object space 379392K, 64% used [0x00000000a0000000,0x00000000af048eb8,0x00000000b7280000)
 Metaspace       used 135133K, capacity 140991K, committed 141208K, reserved 1171456K
  class space    used 17161K, capacity 18279K, committed 18344K, reserved 1048576K
}
Event: 327.856 GC heap before
{Heap before GC invocations=27 (full 4):
 PSYoungGen      total 368640K, used 368627K [0x00000000e0000000, 0x0000000100000000, 0x0000000100000000)
  eden space 280576K, 100% used [0x00000000e0000000,0x00000000f1200000,0x00000000f1200000)
  from space 88064K, 99% used [0x00000000faa00000,0x00000000ffffccd0,0x0000000100000000)
  to   space 121856K, 0% used [0x00000000f1200000,0x00000000f1200000,0x00000000f8900000)
 ParOldGen       total 379392K, used 246051K [0x00000000a0000000, 0x00000000b7280000, 0x00000000e0000000)
  object space 379392K, 64% used [0x00000000a0000000,0x00000000af048eb8,0x00000000b7280000)
 Metaspace       used 137072K, capacity 143025K, committed 143256K, reserved 1173504K
  class space    used 17381K, capacity 18532K, committed 18600K, reserved 1048576K
Event: 327.982 GC heap after
Heap after GC invocations=27 (full 4):
 PSYoungGen      total 402432K, used 36957K [0x00000000e0000000, 0x0000000100000000, 0x0000000100000000)
  eden space 280576K, 0% used [0x00000000e0000000,0x00000000e0000000,0x00000000f1200000)
  from space 121856K, 30% used [0x00000000f1200000,0x00000000f3617438,0x00000000f8900000)
  to   space 116224K, 0% used [0x00000000f8e80000,0x00000000f8e80000,0x0000000100000000)
 ParOldGen       total 379392K, used 273494K [0x00000000a0000000, 0x00000000b7280000, 0x00000000e0000000)
  object space 379392K, 72% used [0x00000000a0000000,0x00000000b0b15978,0x00000000b7280000)
 Metaspace       used 137072K, capacity 143025K, committed 143256K, reserved 1173504K
  class space    used 17381K, capacity 18532K, committed 18600K, reserved 1048576K
}
Event: 332.400 GC heap before
{Heap before GC invocations=28 (full 4):
 PSYoungGen      total 402432K, used 317533K [0x00000000e0000000, 0x0000000100000000, 0x0000000100000000)
  eden space 280576K, 100% used [0x00000000e0000000,0x00000000f1200000,0x00000000f1200000)
  from space 121856K, 30% used [0x00000000f1200000,0x00000000f3617438,0x00000000f8900000)
  to   space 116224K, 0% used [0x00000000f8e80000,0x00000000f8e80000,0x0000000100000000)
 ParOldGen       total 379392K, used 273494K [0x00000000a0000000, 0x00000000b7280000, 0x00000000e0000000)
  object space 379392K, 72% used [0x00000000a0000000,0x00000000b0b15978,0x00000000b7280000)
 Metaspace       used 139195K, capacity 145309K, committed 145560K, reserved 1175552K
  class space    used 17521K, capacity 18756K, committed 18856K, reserved 1048576K
Event: 332.591 GC heap after
Heap after GC invocations=28 (full 4):
 PSYoungGen      total 394752K, used 61530K [0x00000000e0000000, 0x00000000ff880000, 0x0000000100000000)
  eden space 286208K, 0% used [0x00000000e0000000,0x00000000e0000000,0x00000000f1780000)
  from space 108544K, 56% used [0x00000000f8e80000,0x00000000fca96af8,0x00000000ff880000)
  to   space 115200K, 0% used [0x00000000f1780000,0x00000000f1780000,0x00000000f8800000)
 ParOldGen       total 379392K, used 273502K [0x00000000a0000000, 0x00000000b7280000, 0x00000000e0000000)
  object space 379392K, 72% used [0x00000000a0000000,0x00000000b0b17978,0x00000000b7280000)
 Metaspace       used 139195K, capacity 145309K, committed 145560K, reserved 1175552K
  class space    used 17521K, capacity 18756K, committed 18856K, reserved 1048576K
}
Event: 335.868 GC heap before
{Heap before GC invocations=29 (full 4):
 PSYoungGen      total 394752K, used 347738K [0x00000000e0000000, 0x00000000ff880000, 0x0000000100000000)
  eden space 286208K, 100% used [0x00000000e0000000,0x00000000f1780000,0x00000000f1780000)
  from space 108544K, 56% used [0x00000000f8e80000,0x00000000fca96af8,0x00000000ff880000)
  to   space 115200K, 0% used [0x00000000f1780000,0x00000000f1780000,0x00000000f8800000)
 ParOldGen       total 379392K, used 273502K [0x00000000a0000000, 0x00000000b7280000, 0x00000000e0000000)
  object space 379392K, 72% used [0x00000000a0000000,0x00000000b0b17978,0x00000000b7280000)
 Metaspace       used 140264K, capacity 146531K, committed 146712K, reserved 1177600K
  class space    used 17642K, capacity 18921K, committed 18984K, reserved 1048576K
Event: 335.926 GC heap after
Heap after GC invocations=29 (full 4):
 PSYoungGen      total 401408K, used 57863K [0x00000000e0000000, 0x0000000100000000, 0x0000000100000000)
  eden space 286208K, 0% used [0x00000000e0000000,0x00000000e0000000,0x00000000f1780000)
  from space 115200K, 50% used [0x00000000f1780000,0x00000000f5001cb8,0x00000000f8800000)
  to   space 112128K, 0% used [0x00000000f9280000,0x00000000f9280000,0x0000000100000000)
 ParOldGen       total 379392K, used 273510K [0x00000000a0000000, 0x00000000b7280000, 0x00000000e0000000)
  object space 379392K, 72% used [0x00000000a0000000,0x00000000b0b19978,0x00000000b7280000)
 Metaspace       used 140264K, capacity 146531K, committed 146712K, reserved 1177600K
  class space    used 17642K, capacity 18921K, committed 18984K, reserved 1048576K
}
Event: 337.170 GC heap before
{Heap before GC invocations=30 (full 4):
 PSYoungGen      total 401408K, used 344071K [0x00000000e0000000, 0x0000000100000000, 0x0000000100000000)
  eden space 286208K, 100% used [0x00000000e0000000,0x00000000f1780000,0x00000000f1780000)
  from space 115200K, 50% used [0x00000000f1780000,0x00000000f5001cb8,0x00000000f8800000)
  to   space 112128K, 0% used [0x00000000f9280000,0x00000000f9280000,0x0000000100000000)
 ParOldGen       total 379392K, used 273510K [0x00000000a0000000, 0x00000000b7280000, 0x00000000e0000000)
  object space 379392K, 72% used [0x00000000a0000000,0x00000000b0b19978,0x00000000b7280000)
 Metaspace       used 140308K, capacity 146601K, committed 146712K, reserved 1177600K
  class space    used 17644K, capacity 18922K, committed 18984K, reserved 1048576K
Event: 337.587 GC heap after
Heap after GC invocations=30 (full 4):
 PSYoungGen      total 375296K, used 112123K [0x00000000e0000000, 0x0000000100000000, 0x0000000100000000)
  eden space 263168K, 0% used [0x00000000e0000000,0x00000000e0000000,0x00000000f0100000)
  from space 112128K, 99% used [0x00000000f9280000,0x00000000ffffed10,0x0000000100000000)
  to   space 130560K, 0% used [0x00000000f0100000,0x00000000f0100000,0x00000000f8080000)
 ParOldGen       total 379392K, used 276923K [0x00000000a0000000, 0x00000000b7280000, 0x00000000e0000000)
  object space 379392K, 72% used [0x00000000a0000000,0x00000000b0e6eda0,0x00000000b7280000)
 Metaspace       used 140308K, capacity 146601K, committed 146712K, reserved 1177600K
  class space    used 17644K, capacity 18922K, committed 18984K, reserved 1048576K
}

