# JRE version: OpenJDK Runtime Environment (8.0_242-b01) (build 1.8.0_242-release-1644-b01)
# Java VM: OpenJDK 64-Bit Server VM (25.242-b01 mixed mode windows-amd64 compressed oops)
Heap:
 PSYoungGen      total 367104K, used 257262K [0x00000000e0000000, 0x00000000f8a80000, 0x0000000100000000)
  eden space 343552K, 68% used [0x00000000e0000000,0x00000000ee43dbc0,0x00000000f4f80000)
  from space 23552K, 99% used [0x00000000f6b80000,0x00000000f827dfd0,0x00000000f8280000)
  to   space 28672K, 0% used [0x00000000f4f80000,0x00000000f4f80000,0x00000000f6b80000)
 ParOldGen       total 110592K, used 44110K [0x00000000a0000000, 0x00000000a6c00000, 0x00000000e0000000)
  object space 110592K, 39% used [0x00000000a0000000,0x00000000a2b13b98,0x00000000a6c00000)
 Metaspace       used 79311K, capacity 82474K, committed 82840K, reserved 1120256K
  class space    used 10641K, capacity 11307K, committed 11432K, reserved 1048576K
GC Heap History (10 events):
Event: 10.237 GC heap before
{Heap before GC invocations=9 (full 2):
 PSYoungGen      total 204288K, used 10958K [0x00000000e0000000, 0x00000000f4000000, 0x0000000100000000)
  eden space 191488K, 0% used [0x00000000e0000000,0x00000000e0000000,0x00000000ebb00000)
  from space 12800K, 85% used [0x00000000ebb00000,0x00000000ec5b3918,0x00000000ec780000)
  to   space 13312K, 0% used [0x00000000f3300000,0x00000000f3300000,0x00000000f4000000)
 ParOldGen       total 70144K, used 7910K [0x00000000a0000000, 0x00000000a4480000, 0x00000000e0000000)
  object space 70144K, 11% used [0x00000000a0000000,0x00000000a07b9968,0x00000000a4480000)
 Metaspace       used 34339K, capacity 35394K, committed 35496K, reserved 1079296K
  class space    used 4672K, capacity 4945K, committed 5032K, reserved 1048576K
Event: 10.437 GC heap after
Heap after GC invocations=9 (full 2):
 PSYoungGen      total 204288K, used 0K [0x00000000e0000000, 0x00000000f4000000, 0x0000000100000000)
  eden space 191488K, 0% used [0x00000000e0000000,0x00000000e0000000,0x00000000ebb00000)
  from space 12800K, 0% used [0x00000000ebb00000,0x00000000ebb00000,0x00000000ec780000)
  to   space 13312K, 0% used [0x00000000f3300000,0x00000000f3300000,0x00000000f4000000)
 ParOldGen       total 110592K, used 18227K [0x00000000a0000000, 0x00000000a6c00000, 0x00000000e0000000)
  object space 110592K, 16% used [0x00000000a0000000,0x00000000a11ccd80,0x00000000a6c00000)
 Metaspace       used 34339K, capacity 35394K, committed 35496K, reserved 1079296K
  class space    used 4672K, capacity 4945K, committed 5032K, reserved 1048576K
}
Event: 15.247 GC heap before
{Heap before GC invocations=10 (full 2):
 PSYoungGen      total 204288K, used 191488K [0x00000000e0000000, 0x00000000f4000000, 0x0000000100000000)
  eden space 191488K, 100% used [0x00000000e0000000,0x00000000ebb00000,0x00000000ebb00000)
  from space 12800K, 0% used [0x00000000ebb00000,0x00000000ebb00000,0x00000000ec780000)
  to   space 13312K, 0% used [0x00000000f3300000,0x00000000f3300000,0x00000000f4000000)
 ParOldGen       total 110592K, used 18227K [0x00000000a0000000, 0x00000000a6c00000, 0x00000000e0000000)
  object space 110592K, 16% used [0x00000000a0000000,0x00000000a11ccd80,0x00000000a6c00000)
 Metaspace       used 48147K, capacity 50098K, committed 50344K, reserved 1093632K
  class space    used 6377K, capacity 6790K, committed 6824K, reserved 1048576K
Event: 15.290 GC heap after
Heap after GC invocations=10 (full 2):
 PSYoungGen      total 289792K, used 13284K [0x00000000e0000000, 0x00000000f4000000, 0x0000000100000000)
  eden space 276480K, 0% used [0x00000000e0000000,0x00000000e0000000,0x00000000f0e00000)
  from space 13312K, 99% used [0x00000000f3300000,0x00000000f3ff91c0,0x00000000f4000000)
  to   space 18432K, 0% used [0x00000000f1c00000,0x00000000f1c00000,0x00000000f2e00000)
 ParOldGen       total 110592K, used 25473K [0x00000000a0000000, 0x00000000a6c00000, 0x00000000e0000000)
  object space 110592K, 23% used [0x00000000a0000000,0x00000000a18e0520,0x00000000a6c00000)
 Metaspace       used 48147K, capacity 50098K, committed 50344K, reserved 1093632K
  class space    used 6377K, capacity 6790K, committed 6824K, reserved 1048576K
}
Event: 18.551 GC heap before
{Heap before GC invocations=11 (full 2):
 PSYoungGen      total 289792K, used 155968K [0x00000000e0000000, 0x00000000f4000000, 0x0000000100000000)
  eden space 276480K, 51% used [0x00000000e0000000,0x00000000e8b56ed0,0x00000000f0e00000)
  from space 13312K, 99% used [0x00000000f3300000,0x00000000f3ff91c0,0x00000000f4000000)
  to   space 18432K, 0% used [0x00000000f1c00000,0x00000000f1c00000,0x00000000f2e00000)
 ParOldGen       total 110592K, used 25473K [0x00000000a0000000, 0x00000000a6c00000, 0x00000000e0000000)
  object space 110592K, 23% used [0x00000000a0000000,0x00000000a18e0520,0x00000000a6c00000)
 Metaspace       used 57054K, capacity 59132K, committed 59160K, reserved 1099776K
  class space    used 7440K, capacity 7973K, committed 7976K, reserved 1048576K
Event: 18.613 GC heap after
Heap after GC invocations=11 (full 2):
 PSYoungGen      total 309248K, used 18404K [0x00000000e0000000, 0x00000000f8280000, 0x0000000100000000)
  eden space 290816K, 0% used [0x00000000e0000000,0x00000000e0000000,0x00000000f1c00000)
  from space 18432K, 99% used [0x00000000f1c00000,0x00000000f2df93f0,0x00000000f2e00000)
  to   space 23552K, 0% used [0x00000000f6b80000,0x00000000f6b80000,0x00000000f8280000)
 ParOldGen       total 110592K, used 33024K [0x00000000a0000000, 0x00000000a6c00000, 0x00000000e0000000)
  object space 110592K, 29% used [0x00000000a0000000,0x00000000a20400f8,0x00000000a6c00000)
 Metaspace       used 57054K, capacity 59132K, committed 59160K, reserved 1099776K
  class space    used 7440K, capacity 7973K, committed 7976K, reserved 1048576K
}
Event: 18.613 GC heap before
{Heap before GC invocations=12 (full 3):
 PSYoungGen      total 309248K, used 18404K [0x00000000e0000000, 0x00000000f8280000, 0x0000000100000000)
  eden space 290816K, 0% used [0x00000000e0000000,0x00000000e0000000,0x00000000f1c00000)
  from space 18432K, 99% used [0x00000000f1c00000,0x00000000f2df93f0,0x00000000f2e00000)
  to   space 23552K, 0% used [0x00000000f6b80000,0x00000000f6b80000,0x00000000f8280000)
 ParOldGen       total 110592K, used 33024K [0x00000000a0000000, 0x00000000a6c00000, 0x00000000e0000000)
  object space 110592K, 29% used [0x00000000a0000000,0x00000000a20400f8,0x00000000a6c00000)
 Metaspace       used 57054K, capacity 59132K, committed 59160K, reserved 1099776K
  class space    used 7440K, capacity 7973K, committed 7976K, reserved 1048576K
Event: 19.072 GC heap after
Heap after GC invocations=12 (full 3):
 PSYoungGen      total 309248K, used 0K [0x00000000e0000000, 0x00000000f8280000, 0x0000000100000000)
  eden space 290816K, 0% used [0x00000000e0000000,0x00000000e0000000,0x00000000f1c00000)
  from space 18432K, 0% used [0x00000000f1c00000,0x00000000f1c00000,0x00000000f2e00000)
  to   space 23552K, 0% used [0x00000000f6b80000,0x00000000f6b80000,0x00000000f8280000)
 ParOldGen       total 110592K, used 40103K [0x00000000a0000000, 0x00000000a6c00000, 0x00000000e0000000)
  object space 110592K, 36% used [0x00000000a0000000,0x00000000a2729dc8,0x00000000a6c00000)
 Metaspace       used 56979K, capacity 58970K, committed 59160K, reserved 1099776K
  class space    used 7422K, capacity 7926K, committed 7976K, reserved 1048576K
}
Event: 27.134 GC heap before
{Heap before GC invocations=13 (full 3):
 PSYoungGen      total 309248K, used 290816K [0x00000000e0000000, 0x00000000f8280000, 0x0000000100000000)
  eden space 290816K, 100% used [0x00000000e0000000,0x00000000f1c00000,0x00000000f1c00000)
  from space 18432K, 0% used [0x00000000f1c00000,0x00000000f1c00000,0x00000000f2e00000)
  to   space 23552K, 0% used [0x00000000f6b80000,0x00000000f6b80000,0x00000000f8280000)
 ParOldGen       total 110592K, used 40103K [0x00000000a0000000, 0x00000000a6c00000, 0x00000000e0000000)
  object space 110592K, 36% used [0x00000000a0000000,0x00000000a2729dc8,0x00000000a6c00000)
 Metaspace       used 71392K, capacity 74222K, committed 74520K, reserved 1114112K
  class space    used 9574K, capacity 10165K, committed 10280K, reserved 1048576K
Event: 27.172 GC heap after
Heap after GC invocations=13 (full 3):
 PSYoungGen      total 367104K, used 23543K [0x00000000e0000000, 0x00000000f8a80000, 0x0000000100000000)
  eden space 343552K, 0% used [0x00000000e0000000,0x00000000e0000000,0x00000000f4f80000)
  from space 23552K, 99% used [0x00000000f6b80000,0x00000000f827dfd0,0x00000000f8280000)
  to   space 28672K, 0% used [0x00000000f4f80000,0x00000000f4f80000,0x00000000f6b80000)
 ParOldGen       total 110592K, used 44110K [0x00000000a0000000, 0x00000000a6c00000, 0x00000000e0000000)
  object space 110592K, 39% used [0x00000000a0000000,0x00000000a2b13b98,0x00000000a6c00000)
 Metaspace       used 71392K, capacity 74222K, committed 74520K, reserved 1114112K
  class space    used 9574K, capacity 10165K, committed 10280K, reserved 1048576K
}

